{"/usr/src/app/src/app.js": {"path":"/usr/src/app/src/app.js","statementMap":{"0":{"start":{"line":7,"column":12},"end":{"line":7,"column":21}},"1":{"start":{"line":11,"column":0},"end":{"line":11,"column":40}},"2":{"start":{"line":17,"column":0},"end":{"line":21,"column":49}},"3":{"start":{"line":27,"column":0},"end":{"line":29,"column":3}},"4":{"start":{"line":28,"column":4},"end":{"line":28,"column":38}},"5":{"start":{"line":31,"column":0},"end":{"line":31,"column":18}}},"fnMap":{"0":{"name":"(anonymous_0)","decl":{"start":{"line":27,"column":13},"end":{"line":27,"column":14}},"loc":{"start":{"line":27,"column":27},"end":{"line":29,"column":1}},"line":27}},"branchMap":{"0":{"loc":{"start":{"line":11,"column":16},"end":{"line":11,"column":38}},"type":"binary-expr","locations":[{"start":{"line":11,"column":16},"end":{"line":11,"column":30}},{"start":{"line":11,"column":34},"end":{"line":11,"column":38}}],"line":11}},"s":{"0":2,"1":2,"2":2,"3":2,"4":0,"5":2},"f":{"0":0},"b":{"0":[2,0]},"_coverageSchema":"1a1c01bbd47fc00a2c39e90264f33305004495a9","hash":"04c66ff5d83d169410cd886ee887a54833d749f8"}
,"/usr/src/app/src/database.js": {"path":"/usr/src/app/src/database.js","statementMap":{"0":{"start":{"line":4,"column":0},"end":{"line":17,"column":3}},"1":{"start":{"line":15,"column":8},"end":{"line":16,"column":65}},"2":{"start":{"line":15,"column":17},"end":{"line":15,"column":69}},"3":{"start":{"line":16,"column":13},"end":{"line":16,"column":65}}},"fnMap":{"0":{"name":"(anonymous_0)","decl":{"start":{"line":14,"column":4},"end":{"line":14,"column":5}},"loc":{"start":{"line":14,"column":18},"end":{"line":17,"column":1}},"line":14}},"branchMap":{"0":{"loc":{"start":{"line":15,"column":8},"end":{"line":16,"column":65}},"type":"if","locations":[{"start":{"line":15,"column":8},"end":{"line":16,"column":65}},{"start":{"line":15,"column":8},"end":{"line":16,"column":65}}],"line":15}},"s":{"0":2,"1":2,"2":0,"3":2},"f":{"0":2},"b":{"0":[0,2]},"_coverageSchema":"1a1c01bbd47fc00a2c39e90264f33305004495a9","hash":"a315089f85c4e83d5d244779fa1fdce3e58c196d"}
,"/usr/src/app/src/index.js": {"path":"/usr/src/app/src/index.js","statementMap":{"0":{"start":{"line":4,"column":15},"end":{"line":4,"column":42}},"1":{"start":{"line":6,"column":0},"end":{"line":6,"column":47}}},"fnMap":{},"branchMap":{},"s":{"0":2,"1":2},"f":{},"b":{},"_coverageSchema":"1a1c01bbd47fc00a2c39e90264f33305004495a9","hash":"6e2fb97734211761df0e459dcbdb271b3e9e0aad"}
,"/usr/src/app/src/api/index.js": {"path":"/usr/src/app/src/api/index.js","statementMap":{"0":{"start":{"line":4,"column":15},"end":{"line":4,"column":23}},"1":{"start":{"line":6,"column":0},"end":{"line":11,"column":3}},"2":{"start":{"line":7,"column":4},"end":{"line":10,"column":6}},"3":{"start":{"line":13,"column":0},"end":{"line":13,"column":43}},"4":{"start":{"line":15,"column":0},"end":{"line":19,"column":3}},"5":{"start":{"line":16,"column":4},"end":{"line":18,"column":7}}},"fnMap":{"0":{"name":"(anonymous_0)","decl":{"start":{"line":6,"column":19},"end":{"line":6,"column":20}},"loc":{"start":{"line":6,"column":33},"end":{"line":11,"column":1}},"line":6},"1":{"name":"(anonymous_1)","decl":{"start":{"line":15,"column":16},"end":{"line":15,"column":17}},"loc":{"start":{"line":15,"column":30},"end":{"line":19,"column":1}},"line":15}},"branchMap":{},"s":{"0":2,"1":2,"2":1,"3":2,"4":2,"5":1},"f":{"0":1,"1":1},"b":{},"_coverageSchema":"1a1c01bbd47fc00a2c39e90264f33305004495a9","hash":"2f03414e030f500faca7d3716e500c440ae77e2f"}
,"/usr/src/app/src/config/index.js": {"path":"/usr/src/app/src/config/index.js","statementMap":{"0":{"start":{"line":2,"column":0},"end":{"line":2,"column":9}},"1":{"start":{"line":4,"column":67},"end":{"line":4,"column":78}},"2":{"start":{"line":6,"column":15},"end":{"line":10,"column":1}},"3":{"start":{"line":12,"column":18},"end":{"line":15,"column":1}}},"fnMap":{},"branchMap":{},"s":{"0":2,"1":2,"2":2,"3":2},"f":{},"b":{},"_coverageSchema":"1a1c01bbd47fc00a2c39e90264f33305004495a9","hash":"d2144e5d4162612f290048e8da790df778f98bde"}
,"/usr/src/app/src/controllers/product.controller.js": {"path":"/usr/src/app/src/controllers/product.controller.js","statementMap":{"0":{"start":{"line":9,"column":23},"end":{"line":33,"column":1}},"1":{"start":{"line":10,"column":4},"end":{"line":32,"column":5}},"2":{"start":{"line":12,"column":42},"end":{"line":12,"column":51}},"3":{"start":{"line":14,"column":24},"end":{"line":14,"column":72}},"4":{"start":{"line":16,"column":22},"end":{"line":16,"column":62}},"5":{"start":{"line":18,"column":23},"end":{"line":18,"column":63}},"6":{"start":{"line":21,"column":8},"end":{"line":23,"column":9}},"7":{"start":{"line":22,"column":12},"end":{"line":22,"column":94}},"8":{"start":{"line":22,"column":61},"end":{"line":22,"column":92}},"9":{"start":{"line":25,"column":8},"end":{"line":25,"column":46}},"10":{"start":{"line":29,"column":8},"end":{"line":29,"column":29}},"11":{"start":{"line":30,"column":8},"end":{"line":30,"column":43}},"12":{"start":{"line":35,"column":24},"end":{"line":61,"column":1}},"13":{"start":{"line":36,"column":4},"end":{"line":60,"column":5}},"14":{"start":{"line":38,"column":23},"end":{"line":38,"column":33}},"15":{"start":{"line":40,"column":22},"end":{"line":40,"column":51}},"16":{"start":{"line":42,"column":8},"end":{"line":46,"column":9}},"17":{"start":{"line":43,"column":12},"end":{"line":45,"column":15}},"18":{"start":{"line":49,"column":8},"end":{"line":51,"column":9}},"19":{"start":{"line":50,"column":12},"end":{"line":50,"column":54}},"20":{"start":{"line":53,"column":8},"end":{"line":53,"column":45}},"21":{"start":{"line":57,"column":8},"end":{"line":57,"column":29}},"22":{"start":{"line":58,"column":8},"end":{"line":58,"column":43}}},"fnMap":{"0":{"name":"(anonymous_0)","decl":{"start":{"line":9,"column":23},"end":{"line":9,"column":24}},"loc":{"start":{"line":9,"column":43},"end":{"line":33,"column":1}},"line":9},"1":{"name":"(anonymous_1)","decl":{"start":{"line":22,"column":46},"end":{"line":22,"column":47}},"loc":{"start":{"line":22,"column":61},"end":{"line":22,"column":92}},"line":22},"2":{"name":"(anonymous_2)","decl":{"start":{"line":35,"column":24},"end":{"line":35,"column":25}},"loc":{"start":{"line":35,"column":43},"end":{"line":61,"column":1}},"line":35}},"branchMap":{"0":{"loc":{"start":{"line":21,"column":8},"end":{"line":23,"column":9}},"type":"if","locations":[{"start":{"line":21,"column":8},"end":{"line":23,"column":9}},{"start":{"line":21,"column":8},"end":{"line":23,"column":9}}],"line":21},"1":{"loc":{"start":{"line":42,"column":8},"end":{"line":46,"column":9}},"type":"if","locations":[{"start":{"line":42,"column":8},"end":{"line":46,"column":9}},{"start":{"line":42,"column":8},"end":{"line":46,"column":9}}],"line":42},"2":{"loc":{"start":{"line":49,"column":8},"end":{"line":51,"column":9}},"type":"if","locations":[{"start":{"line":49,"column":8},"end":{"line":51,"column":9}},{"start":{"line":49,"column":8},"end":{"line":51,"column":9}}],"line":49}},"s":{"0":2,"1":5,"2":5,"3":5,"4":5,"5":5,"6":5,"7":1,"8":1,"9":5,"10":0,"11":0,"12":2,"13":4,"14":4,"15":4,"16":4,"17":1,"18":3,"19":2,"20":3,"21":0,"22":0},"f":{"0":5,"1":1,"2":4},"b":{"0":[1,4],"1":[1,3],"2":[2,1]},"_coverageSchema":"1a1c01bbd47fc00a2c39e90264f33305004495a9","hash":"8cf9125075c5db4bca0b93ee5737b26ed9ee148e"}
,"/usr/src/app/src/middlewares/validator-query.js": {"path":"/usr/src/app/src/middlewares/validator-query.js","statementMap":{"0":{"start":{"line":3,"column":41},"end":{"line":8,"column":1}},"1":{"start":{"line":4,"column":4},"end":{"line":7,"column":6}},"2":{"start":{"line":10,"column":37},"end":{"line":25,"column":1}},"3":{"start":{"line":11,"column":2},"end":{"line":24,"column":4}},"4":{"start":{"line":27,"column":24},"end":{"line":38,"column":1}},"5":{"start":{"line":28,"column":19},"end":{"line":28,"column":40}},"6":{"start":{"line":29,"column":4},"end":{"line":31,"column":5}},"7":{"start":{"line":30,"column":8},"end":{"line":30,"column":22}},"8":{"start":{"line":32,"column":28},"end":{"line":32,"column":30}},"9":{"start":{"line":33,"column":4},"end":{"line":33,"column":77}},"10":{"start":{"line":33,"column":30},"end":{"line":33,"column":76}},"11":{"start":{"line":35,"column":4},"end":{"line":37,"column":6}}},"fnMap":{"0":{"name":"(anonymous_0)","decl":{"start":{"line":3,"column":41},"end":{"line":3,"column":42}},"loc":{"start":{"line":3,"column":47},"end":{"line":8,"column":1}},"line":3},"1":{"name":"(anonymous_1)","decl":{"start":{"line":10,"column":37},"end":{"line":10,"column":38}},"loc":{"start":{"line":10,"column":43},"end":{"line":25,"column":1}},"line":10},"2":{"name":"(anonymous_2)","decl":{"start":{"line":27,"column":24},"end":{"line":27,"column":25}},"loc":{"start":{"line":27,"column":44},"end":{"line":38,"column":1}},"line":27},"3":{"name":"(anonymous_3)","decl":{"start":{"line":33,"column":23},"end":{"line":33,"column":24}},"loc":{"start":{"line":33,"column":30},"end":{"line":33,"column":76}},"line":33}},"branchMap":{"0":{"loc":{"start":{"line":29,"column":4},"end":{"line":31,"column":5}},"type":"if","locations":[{"start":{"line":29,"column":4},"end":{"line":31,"column":5}},{"start":{"line":29,"column":4},"end":{"line":31,"column":5}}],"line":29}},"s":{"0":2,"1":2,"2":2,"3":2,"4":2,"5":13,"6":13,"7":9,"8":4,"9":4,"10":4,"11":4},"f":{"0":2,"1":2,"2":13,"3":4},"b":{"0":[9,4]},"_coverageSchema":"1a1c01bbd47fc00a2c39e90264f33305004495a9","hash":"0fbb580544d0b4a3a8c03576c3521c4c22815bc4"}
,"/usr/src/app/src/models/Product.js": {"path":"/usr/src/app/src/models/Product.js","statementMap":{"0":{"start":{"line":4,"column":22},"end":{"line":23,"column":2}},"1":{"start":{"line":25,"column":0},"end":{"line":25,"column":39}}},"fnMap":{},"branchMap":{},"s":{"0":2,"1":2},"f":{},"b":{},"_coverageSchema":"1a1c01bbd47fc00a2c39e90264f33305004495a9","hash":"8cd663bf19fb79a5c7c7b7e2e10336b97fabdd05"}
,"/usr/src/app/src/routes/product.routes.js": {"path":"/usr/src/app/src/routes/product.routes.js","statementMap":{"0":{"start":{"line":6,"column":15},"end":{"line":6,"column":23}},"1":{"start":{"line":14,"column":0},"end":{"line":19,"column":2}},"2":{"start":{"line":21,"column":0},"end":{"line":26,"column":2}}},"fnMap":{},"branchMap":{},"s":{"0":2,"1":2,"2":2},"f":{},"b":{},"_coverageSchema":"1a1c01bbd47fc00a2c39e90264f33305004495a9","hash":"dc9695152f5ef0deb235ad3df633f387c854708a"}
,"/usr/src/app/src/tests/helpers/general.helper.js": {"path":"/usr/src/app/src/tests/helpers/general.helper.js","statementMap":{"0":{"start":{"line":5,"column":19},"end":{"line":5,"column":33}},"1":{"start":{"line":7,"column":38},"end":{"line":7,"column":57}},"2":{"start":{"line":9,"column":32},"end":{"line":12,"column":1}},"3":{"start":{"line":10,"column":4},"end":{"line":10,"column":25}},"4":{"start":{"line":11,"column":4},"end":{"line":11,"column":38}}},"fnMap":{"0":{"name":"(anonymous_0)","decl":{"start":{"line":9,"column":32},"end":{"line":9,"column":33}},"loc":{"start":{"line":9,"column":43},"end":{"line":12,"column":1}},"line":9}},"branchMap":{},"s":{"0":2,"1":2,"2":2,"3":2,"4":2},"f":{"0":2},"b":{},"_coverageSchema":"1a1c01bbd47fc00a2c39e90264f33305004495a9","hash":"138cd830820a01a72f2c70e0b7a44961dc5673db"}
,"/usr/src/app/src/tests/helpers/product.helper.js": {"path":"/usr/src/app/src/tests/helpers/product.helper.js","statementMap":{"0":{"start":{"line":4,"column":31},"end":{"line":47,"column":1}},"1":{"start":{"line":49,"column":39},"end":{"line":57,"column":1}},"2":{"start":{"line":50,"column":4},"end":{"line":50,"column":33}},"3":{"start":{"line":53,"column":4},"end":{"line":56,"column":5}},"4":{"start":{"line":54,"column":19},"end":{"line":54,"column":39}},"5":{"start":{"line":55,"column":8},"end":{"line":55,"column":24}},"6":{"start":{"line":59,"column":27},"end":{"line":69,"column":1}},"7":{"start":{"line":60,"column":19},"end":{"line":60,"column":61}},"8":{"start":{"line":61,"column":4},"end":{"line":61,"column":56}},"9":{"start":{"line":61,"column":15},"end":{"line":61,"column":56}},"10":{"start":{"line":62,"column":21},"end":{"line":62,"column":44}},"11":{"start":{"line":63,"column":32},"end":{"line":63,"column":45}},"12":{"start":{"line":64,"column":4},"end":{"line":68,"column":6}},"13":{"start":{"line":71,"column":26},"end":{"line":78,"column":1}},"14":{"start":{"line":72,"column":21},"end":{"line":72,"column":56}},"15":{"start":{"line":73,"column":17},"end":{"line":73,"column":30}},"16":{"start":{"line":74,"column":4},"end":{"line":77,"column":6}}},"fnMap":{"0":{"name":"(anonymous_0)","decl":{"start":{"line":49,"column":39},"end":{"line":49,"column":40}},"loc":{"start":{"line":49,"column":50},"end":{"line":57,"column":1}},"line":49},"1":{"name":"(anonymous_1)","decl":{"start":{"line":59,"column":27},"end":{"line":59,"column":28}},"loc":{"start":{"line":59,"column":67},"end":{"line":69,"column":1}},"line":59},"2":{"name":"(anonymous_2)","decl":{"start":{"line":71,"column":26},"end":{"line":71,"column":27}},"loc":{"start":{"line":71,"column":40},"end":{"line":78,"column":1}},"line":71}},"branchMap":{"0":{"loc":{"start":{"line":59,"column":34},"end":{"line":59,"column":42}},"type":"default-arg","locations":[{"start":{"line":59,"column":41},"end":{"line":59,"column":42}}],"line":59},"1":{"loc":{"start":{"line":59,"column":44},"end":{"line":59,"column":54}},"type":"default-arg","locations":[{"start":{"line":59,"column":52},"end":{"line":59,"column":54}}],"line":59},"2":{"loc":{"start":{"line":61,"column":4},"end":{"line":61,"column":56}},"type":"if","locations":[{"start":{"line":61,"column":4},"end":{"line":61,"column":56}},{"start":{"line":61,"column":4},"end":{"line":61,"column":56}}],"line":61}},"s":{"0":1,"1":1,"2":13,"3":13,"4":78,"5":78,"6":1,"7":4,"8":4,"9":2,"10":4,"11":4,"12":4,"13":1,"14":2,"15":2,"16":2},"f":{"0":13,"1":4,"2":2},"b":{"0":[1],"1":[1],"2":[2,2]},"_coverageSchema":"1a1c01bbd47fc00a2c39e90264f33305004495a9","hash":"b666dcdc8d4fdb80a781d22503d5e5d91fb2599b"}
,"/usr/src/app/src/utils/helpers.js": {"path":"/usr/src/app/src/utils/helpers.js","statementMap":{"0":{"start":{"line":1,"column":29},"end":{"line":11,"column":1}},"1":{"start":{"line":18,"column":31},"end":{"line":20,"column":1}},"2":{"start":{"line":19,"column":4},"end":{"line":19,"column":64}},"3":{"start":{"line":27,"column":46},"end":{"line":37,"column":1}},"4":{"start":{"line":28,"column":4},"end":{"line":36,"column":16}},"5":{"start":{"line":45,"column":48},"end":{"line":52,"column":1}},"6":{"start":{"line":46,"column":4},"end":{"line":51,"column":6}},"7":{"start":{"line":60,"column":34},"end":{"line":62,"column":1}},"8":{"start":{"line":61,"column":4},"end":{"line":61,"column":40}},"9":{"start":{"line":69,"column":36},"end":{"line":71,"column":1}},"10":{"start":{"line":70,"column":4},"end":{"line":70,"column":79}}},"fnMap":{"0":{"name":"(anonymous_0)","decl":{"start":{"line":18,"column":31},"end":{"line":18,"column":32}},"loc":{"start":{"line":18,"column":42},"end":{"line":20,"column":1}},"line":18},"1":{"name":"(anonymous_1)","decl":{"start":{"line":27,"column":46},"end":{"line":27,"column":47}},"loc":{"start":{"line":27,"column":58},"end":{"line":37,"column":1}},"line":27},"2":{"name":"(anonymous_2)","decl":{"start":{"line":45,"column":48},"end":{"line":45,"column":49}},"loc":{"start":{"line":45,"column":65},"end":{"line":52,"column":1}},"line":45},"3":{"name":"(anonymous_3)","decl":{"start":{"line":60,"column":34},"end":{"line":60,"column":35}},"loc":{"start":{"line":60,"column":63},"end":{"line":62,"column":1}},"line":60},"4":{"name":"(anonymous_4)","decl":{"start":{"line":69,"column":36},"end":{"line":69,"column":37}},"loc":{"start":{"line":69,"column":49},"end":{"line":71,"column":1}},"line":69}},"branchMap":{"0":{"loc":{"start":{"line":19,"column":11},"end":{"line":19,"column":63}},"type":"binary-expr","locations":[{"start":{"line":19,"column":11},"end":{"line":19,"column":16}},{"start":{"line":19,"column":20},"end":{"line":19,"column":63}}],"line":19},"1":{"loc":{"start":{"line":28,"column":11},"end":{"line":36,"column":15}},"type":"cond-expr","locations":[{"start":{"line":30,"column":12},"end":{"line":35,"column":13}},{"start":{"line":36,"column":13},"end":{"line":36,"column":15}}],"line":28},"2":{"loc":{"start":{"line":47,"column":15},"end":{"line":47,"column":40}},"type":"binary-expr","locations":[{"start":{"line":47,"column":15},"end":{"line":47,"column":34}},{"start":{"line":47,"column":38},"end":{"line":47,"column":40}}],"line":47},"3":{"loc":{"start":{"line":48,"column":14},"end":{"line":48,"column":37}},"type":"binary-expr","locations":[{"start":{"line":48,"column":14},"end":{"line":48,"column":32}},{"start":{"line":48,"column":36},"end":{"line":48,"column":37}}],"line":48},"4":{"loc":{"start":{"line":60,"column":43},"end":{"line":60,"column":57}},"type":"default-arg","locations":[{"start":{"line":60,"column":54},"end":{"line":60,"column":57}}],"line":60}},"s":{"0":3,"1":3,"2":10,"3":3,"4":7,"5":3,"6":7,"7":3,"8":9,"9":3,"10":4},"f":{"0":10,"1":7,"2":7,"3":9,"4":4},"b":{"0":[10,7],"1":[3,4],"2":[7,2],"3":[7,2],"4":[8]},"_coverageSchema":"1a1c01bbd47fc00a2c39e90264f33305004495a9","hash":"e08cfc3ea2ef231b59c715da5b688b1bdc1acfc5"}
}
